<?xml version="1.0" encoding="UTF-8"?>
<!-- Generated by org.testng.reporters.JUnitReportReporter -->
<testsuite skipped="0" hostname="Balu" name="Academy.HomePage" tests="3" failures="0" timestamp="28 Dec 2019 10:49:01 GMT" time="90.490" errors="0">
  <testcase name="navigationHomepage" time="26.718" classname="Academy.HomePage"/>
  <testcase name="navigationHomepage" time="27.530" classname="Academy.HomePage"/>
  <testcase name="navigationHomepage" time="36.242" classname="Academy.HomePage"/>
</testsuite> <!-- Academy.HomePage -->
