<?xml version="1.0" encoding="UTF-8"?>
<!-- Generated by org.testng.reporters.JUnitReportReporter -->
<testsuite skipped="0" hostname="Balu" name="Academy.HomePage" tests="3" failures="0" timestamp="27 Dec 2019 09:03:47 GMT" time="84.927" errors="0">
  <testcase name="navigationHomepage" time="30.418" classname="Academy.HomePage"/>
  <testcase name="navigationHomepage" time="35.046" classname="Academy.HomePage"/>
  <testcase name="navigationHomepage" time="19.463" classname="Academy.HomePage"/>
</testsuite> <!-- Academy.HomePage -->
