<?xml version="1.0" encoding="UTF-8"?>
<!-- Generated by org.testng.reporters.JUnitReportReporter -->
<testsuite skipped="0" hostname="Balu" name="Academy.HomePage" tests="3" failures="0" timestamp="27 Dec 2019 13:15:44 GMT" time="85.266" errors="0">
  <testcase name="navigationHomepage" time="18.727" classname="Academy.HomePage"/>
  <testcase name="navigationHomepage" time="30.886" classname="Academy.HomePage"/>
  <testcase name="navigationHomepage" time="35.653" classname="Academy.HomePage"/>
</testsuite> <!-- Academy.HomePage -->
