<?xml version="1.0" encoding="UTF-8"?>
<!-- Generated by org.testng.reporters.JUnitReportReporter -->
<testsuite skipped="0" hostname="Balu" name="Academy.HomePage" tests="3" failures="0" timestamp="28 Dec 2019 11:04:51 GMT" time="68.549" errors="0">
  <testcase name="navigationHomepage" time="29.933" classname="Academy.HomePage"/>
  <testcase name="navigationHomepage" time="22.241" classname="Academy.HomePage"/>
  <testcase name="navigationHomepage" time="16.375" classname="Academy.HomePage"/>
</testsuite> <!-- Academy.HomePage -->
