<?xml version="1.0" encoding="UTF-8"?>
<!-- Generated by org.testng.reporters.JUnitReportReporter -->
<testsuite skipped="0" hostname="Balu" name="Academy.HomePage" tests="3" failures="0" timestamp="28 Dec 2019 13:29:07 GMT" time="221.730" errors="0">
  <testcase name="navigationHomepage" time="182.770" classname="Academy.HomePage"/>
  <testcase name="navigationHomepage" time="18.012" classname="Academy.HomePage"/>
  <testcase name="navigationHomepage" time="20.948" classname="Academy.HomePage"/>
</testsuite> <!-- Academy.HomePage -->
